<?xml version="1.0" encoding="UTF-8"?>
<testng-results ignored="0" total="5" passed="5" failed="0" skipped="0">
  <reporter-output>
  </reporter-output>
  <suite started-at="2022-10-10T00:04:55 ART" name="CheckCart" finished-at="2022-10-10T00:04:55 ART" duration-ms="1">
    <groups>
    </groups>
    <test started-at="2022-10-10T00:04:55 ART" name="CheckCart" finished-at="2022-10-10T00:04:55 ART" duration-ms="1">
    </test> <!-- CheckCart -->
  </suite> <!-- CheckCart -->
  <suite started-at="2022-10-10T00:04:55 ART" name="SignUpUser" finished-at="2022-10-10T00:04:55 ART" duration-ms="45">
    <groups>
    </groups>
    <test started-at="2022-10-10T00:04:55 ART" name="SignUpUser" finished-at="2022-10-10T00:04:55 ART" duration-ms="45">
    </test> <!-- SignUpUser -->
  </suite> <!-- SignUpUser -->
  <suite started-at="2022-10-10T00:04:55 ART" name="Automation Web Challenge on demoblaze.com" finished-at="2022-10-10T00:06:05 ART" duration-ms="69933">
    <groups>
      <group name="cucumber">
        <method signature="AbstractTestNGCucumberTests.runScenario(io.cucumber.testng.PickleWrapper,io.cucumber.testng.FeatureWrapper)[pri:0, instance:com.challenge.test.RunCucumberTest@6edaa77a]" name="runScenario" class="io.cucumber.testng.AbstractTestNGCucumberTests"/>
      </group> <!-- cucumber -->
    </groups>
    <test started-at="2022-10-10T00:04:55 ART" name="Automation Web Challenge on demoblaze.com" finished-at="2022-10-10T00:06:05 ART" duration-ms="69933">
      <class name="com.challenge.test.RunCucumberTest">
        <test-method is-config="true" signature="setUpClass(org.testng.ITestContext)[pri:0, instance:com.challenge.test.RunCucumberTest@6edaa77a]" started-at="2022-10-10T00:04:55 ART" name="setUpClass" finished-at="2022-10-10T00:04:57 ART" duration-ms="1953" status="PASS">
          <params>
            <param index="0">
              <value>
                <![CDATA[org.testng.TestRunner@693f9ab5]]>
              </value>
            </param>
          </params>
          <reporter-output>
          </reporter-output>
        </test-method> <!-- setUpClass -->
        <test-method signature="runScenario(io.cucumber.testng.PickleWrapper,io.cucumber.testng.FeatureWrapper)[pri:0, instance:com.challenge.test.RunCucumberTest@6edaa77a]" started-at="2022-10-10T00:04:57 ART" name="runScenario" description="Runs Cucumber Scenarios" data-provider="scenarios" finished-at="2022-10-10T00:05:12 ART" duration-ms="14775" status="PASS">
          <params>
            <param index="0">
              <value>
                <![CDATA["Sign Up User"]]>
              </value>
            </param>
            <param index="1">
              <value>
                <![CDATA["Automation Web Challenge on demoblaze.com"]]>
              </value>
            </param>
          </params>
          <reporter-output>
          </reporter-output>
        </test-method> <!-- runScenario -->
        <test-method signature="runScenario(io.cucumber.testng.PickleWrapper,io.cucumber.testng.FeatureWrapper)[pri:0, instance:com.challenge.test.RunCucumberTest@6edaa77a]" started-at="2022-10-10T00:05:12 ART" name="runScenario" description="Runs Cucumber Scenarios" data-provider="scenarios" finished-at="2022-10-10T00:05:22 ART" duration-ms="9293" status="PASS">
          <params>
            <param index="0">
              <value>
                <![CDATA["Login User"]]>
              </value>
            </param>
            <param index="1">
              <value>
                <![CDATA["Automation Web Challenge on demoblaze.com"]]>
              </value>
            </param>
          </params>
          <reporter-output>
          </reporter-output>
        </test-method> <!-- runScenario -->
        <test-method signature="runScenario(io.cucumber.testng.PickleWrapper,io.cucumber.testng.FeatureWrapper)[pri:0, instance:com.challenge.test.RunCucumberTest@6edaa77a]" started-at="2022-10-10T00:05:22 ART" name="runScenario" description="Runs Cucumber Scenarios" data-provider="scenarios" finished-at="2022-10-10T00:05:34 ART" duration-ms="12347" status="PASS">
          <params>
            <param index="0">
              <value>
                <![CDATA["Logout User"]]>
              </value>
            </param>
            <param index="1">
              <value>
                <![CDATA["Automation Web Challenge on demoblaze.com"]]>
              </value>
            </param>
          </params>
          <reporter-output>
          </reporter-output>
        </test-method> <!-- runScenario -->
        <test-method signature="runScenario(io.cucumber.testng.PickleWrapper,io.cucumber.testng.FeatureWrapper)[pri:0, instance:com.challenge.test.RunCucumberTest@6edaa77a]" started-at="2022-10-10T00:05:34 ART" name="runScenario" description="Runs Cucumber Scenarios" data-provider="scenarios" finished-at="2022-10-10T00:05:48 ART" duration-ms="14104" status="PASS">
          <params>
            <param index="0">
              <value>
                <![CDATA["Add Laptop to Cart"]]>
              </value>
            </param>
            <param index="1">
              <value>
                <![CDATA["Automation Web Challenge on demoblaze.com"]]>
              </value>
            </param>
          </params>
          <reporter-output>
          </reporter-output>
        </test-method> <!-- runScenario -->
        <test-method signature="runScenario(io.cucumber.testng.PickleWrapper,io.cucumber.testng.FeatureWrapper)[pri:0, instance:com.challenge.test.RunCucumberTest@6edaa77a]" started-at="2022-10-10T00:05:48 ART" name="runScenario" description="Runs Cucumber Scenarios" data-provider="scenarios" finished-at="2022-10-10T00:06:05 ART" duration-ms="16875" status="PASS">
          <params>
            <param index="0">
              <value>
                <![CDATA["Check that Laptop was added to cart"]]>
              </value>
            </param>
            <param index="1">
              <value>
                <![CDATA["Automation Web Challenge on demoblaze.com"]]>
              </value>
            </param>
          </params>
          <reporter-output>
          </reporter-output>
        </test-method> <!-- runScenario -->
        <test-method is-config="true" signature="tearDownClass()[pri:0, instance:com.challenge.test.RunCucumberTest@6edaa77a]" started-at="2022-10-10T00:06:05 ART" name="tearDownClass" finished-at="2022-10-10T00:06:05 ART" duration-ms="111" status="PASS">
          <reporter-output>
          </reporter-output>
        </test-method> <!-- tearDownClass -->
      </class> <!-- com.challenge.test.RunCucumberTest -->
    </test> <!-- Automation Web Challenge on demoblaze.com -->
  </suite> <!-- Automation Web Challenge on demoblaze.com -->
  <suite started-at="2022-10-10T00:04:55 ART" name="AddLaptopToCart" finished-at="2022-10-10T00:04:55 ART" duration-ms="0">
    <groups>
    </groups>
    <test started-at="2022-10-10T00:04:55 ART" name="AddLaptopToCart" finished-at="2022-10-10T00:04:55 ART" duration-ms="0">
    </test> <!-- AddLaptopToCart -->
  </suite> <!-- AddLaptopToCart -->
  <suite started-at="2022-10-10T00:04:55 ART" name="LoginUser" finished-at="2022-10-10T00:04:55 ART" duration-ms="1">
    <groups>
    </groups>
    <test started-at="2022-10-10T00:04:55 ART" name="LoginUser" finished-at="2022-10-10T00:04:55 ART" duration-ms="1">
    </test> <!-- LoginUser -->
  </suite> <!-- LoginUser -->
  <suite started-at="2022-10-10T00:04:55 ART" name="LogoutUser" finished-at="2022-10-10T00:04:55 ART" duration-ms="1">
    <groups>
    </groups>
    <test started-at="2022-10-10T00:04:55 ART" name="LogoutUser" finished-at="2022-10-10T00:04:55 ART" duration-ms="1">
    </test> <!-- LogoutUser -->
  </suite> <!-- LogoutUser -->
</testng-results>
