<?xml version="1.0" encoding="UTF-8"?>
<testng-results ignored="0" total="5" passed="5" failed="0" skipped="0">
  <reporter-output>
  </reporter-output>
  <suite started-at="2022-10-10T15:32:36 ART" name="CheckCart" finished-at="2022-10-10T15:32:36 ART" duration-ms="1">
    <groups>
    </groups>
    <test started-at="2022-10-10T15:32:36 ART" name="CheckCart" finished-at="2022-10-10T15:32:36 ART" duration-ms="1">
    </test> <!-- CheckCart -->
  </suite> <!-- CheckCart -->
  <suite started-at="2022-10-10T15:32:36 ART" name="SignUpUser" finished-at="2022-10-10T15:32:36 ART" duration-ms="34">
    <groups>
    </groups>
    <test started-at="2022-10-10T15:32:36 ART" name="SignUpUser" finished-at="2022-10-10T15:32:36 ART" duration-ms="34">
    </test> <!-- SignUpUser -->
  </suite> <!-- SignUpUser -->
  <suite started-at="2022-10-10T15:32:36 ART" name="Automation Web Challenge on demoblaze.com" finished-at="2022-10-10T15:33:53 ART" duration-ms="76154">
    <groups>
      <group name="cucumber">
        <method signature="AbstractTestNGCucumberTests.runScenario(io.cucumber.testng.PickleWrapper,io.cucumber.testng.FeatureWrapper)[pri:0, instance:com.challenge.test.RunCucumberTest@3241713e]" name="runScenario" class="io.cucumber.testng.AbstractTestNGCucumberTests"/>
      </group> <!-- cucumber -->
    </groups>
    <test started-at="2022-10-10T15:32:36 ART" name="Automation Web Challenge on demoblaze.com" finished-at="2022-10-10T15:33:53 ART" duration-ms="76154">
      <class name="com.challenge.test.RunCucumberTest">
        <test-method is-config="true" signature="setUpClass(org.testng.ITestContext)[pri:0, instance:com.challenge.test.RunCucumberTest@3241713e]" started-at="2022-10-10T15:32:36 ART" name="setUpClass" finished-at="2022-10-10T15:32:39 ART" duration-ms="2281" status="PASS">
          <params>
            <param index="0">
              <value>
                <![CDATA[org.testng.TestRunner@4c8ab21f]]>
              </value>
            </param>
          </params>
          <reporter-output>
          </reporter-output>
        </test-method> <!-- setUpClass -->
        <test-method signature="runScenario(io.cucumber.testng.PickleWrapper,io.cucumber.testng.FeatureWrapper)[pri:0, instance:com.challenge.test.RunCucumberTest@3241713e]" started-at="2022-10-10T15:32:39 ART" name="runScenario" description="Runs Cucumber Scenarios" data-provider="scenarios" finished-at="2022-10-10T15:32:56 ART" duration-ms="16784" status="PASS">
          <params>
            <param index="0">
              <value>
                <![CDATA["Sign Up User"]]>
              </value>
            </param>
            <param index="1">
              <value>
                <![CDATA["Automation Web Challenge on demoblaze.com"]]>
              </value>
            </param>
          </params>
          <reporter-output>
          </reporter-output>
        </test-method> <!-- runScenario -->
        <test-method signature="runScenario(io.cucumber.testng.PickleWrapper,io.cucumber.testng.FeatureWrapper)[pri:0, instance:com.challenge.test.RunCucumberTest@3241713e]" started-at="2022-10-10T15:32:56 ART" name="runScenario" description="Runs Cucumber Scenarios" data-provider="scenarios" finished-at="2022-10-10T15:33:06 ART" duration-ms="9799" status="PASS">
          <params>
            <param index="0">
              <value>
                <![CDATA["Login User"]]>
              </value>
            </param>
            <param index="1">
              <value>
                <![CDATA["Automation Web Challenge on demoblaze.com"]]>
              </value>
            </param>
          </params>
          <reporter-output>
          </reporter-output>
        </test-method> <!-- runScenario -->
        <test-method signature="runScenario(io.cucumber.testng.PickleWrapper,io.cucumber.testng.FeatureWrapper)[pri:0, instance:com.challenge.test.RunCucumberTest@3241713e]" started-at="2022-10-10T15:33:06 ART" name="runScenario" description="Runs Cucumber Scenarios" data-provider="scenarios" finished-at="2022-10-10T15:33:21 ART" duration-ms="14467" status="PASS">
          <params>
            <param index="0">
              <value>
                <![CDATA["Logout User"]]>
              </value>
            </param>
            <param index="1">
              <value>
                <![CDATA["Automation Web Challenge on demoblaze.com"]]>
              </value>
            </param>
          </params>
          <reporter-output>
          </reporter-output>
        </test-method> <!-- runScenario -->
        <test-method signature="runScenario(io.cucumber.testng.PickleWrapper,io.cucumber.testng.FeatureWrapper)[pri:0, instance:com.challenge.test.RunCucumberTest@3241713e]" started-at="2022-10-10T15:33:21 ART" name="runScenario" description="Runs Cucumber Scenarios" data-provider="scenarios" finished-at="2022-10-10T15:33:35 ART" duration-ms="14287" status="PASS">
          <params>
            <param index="0">
              <value>
                <![CDATA["Add Laptop to Cart"]]>
              </value>
            </param>
            <param index="1">
              <value>
                <![CDATA["Automation Web Challenge on demoblaze.com"]]>
              </value>
            </param>
          </params>
          <reporter-output>
          </reporter-output>
        </test-method> <!-- runScenario -->
        <test-method signature="runScenario(io.cucumber.testng.PickleWrapper,io.cucumber.testng.FeatureWrapper)[pri:0, instance:com.challenge.test.RunCucumberTest@3241713e]" started-at="2022-10-10T15:33:35 ART" name="runScenario" description="Runs Cucumber Scenarios" data-provider="scenarios" finished-at="2022-10-10T15:33:52 ART" duration-ms="17615" status="PASS">
          <params>
            <param index="0">
              <value>
                <![CDATA["Check that Laptop was added to cart"]]>
              </value>
            </param>
            <param index="1">
              <value>
                <![CDATA["Automation Web Challenge on demoblaze.com"]]>
              </value>
            </param>
          </params>
          <reporter-output>
          </reporter-output>
        </test-method> <!-- runScenario -->
        <test-method is-config="true" signature="tearDownClass()[pri:0, instance:com.challenge.test.RunCucumberTest@3241713e]" started-at="2022-10-10T15:33:52 ART" name="tearDownClass" finished-at="2022-10-10T15:33:53 ART" duration-ms="135" status="PASS">
          <reporter-output>
          </reporter-output>
        </test-method> <!-- tearDownClass -->
      </class> <!-- com.challenge.test.RunCucumberTest -->
    </test> <!-- Automation Web Challenge on demoblaze.com -->
  </suite> <!-- Automation Web Challenge on demoblaze.com -->
  <suite started-at="2022-10-10T15:32:36 ART" name="AddLaptopToCart" finished-at="2022-10-10T15:32:36 ART" duration-ms="1">
    <groups>
    </groups>
    <test started-at="2022-10-10T15:32:36 ART" name="AddLaptopToCart" finished-at="2022-10-10T15:32:36 ART" duration-ms="1">
    </test> <!-- AddLaptopToCart -->
  </suite> <!-- AddLaptopToCart -->
  <suite started-at="2022-10-10T15:32:36 ART" name="LoginUser" finished-at="2022-10-10T15:32:36 ART" duration-ms="0">
    <groups>
    </groups>
    <test started-at="2022-10-10T15:32:36 ART" name="LoginUser" finished-at="2022-10-10T15:32:36 ART" duration-ms="0">
    </test> <!-- LoginUser -->
  </suite> <!-- LoginUser -->
  <suite started-at="2022-10-10T15:32:36 ART" name="LogoutUser" finished-at="2022-10-10T15:32:36 ART" duration-ms="1">
    <groups>
    </groups>
    <test started-at="2022-10-10T15:32:36 ART" name="LogoutUser" finished-at="2022-10-10T15:32:36 ART" duration-ms="1">
    </test> <!-- LogoutUser -->
  </suite> <!-- LogoutUser -->
</testng-results>
